Build started 2014/10/30 9:33:27.
     1>Project "C:\Users\pkid\Documents\Visual Studio 2013\Projects\Uebung2\Uebung2\Uebung2.vcxproj" on node 2 (Build target(s)).
     1>ClCompile:
         C:\Program Files (x86)\Microsoft Visual Studio 12.0\VC\bin\CL.exe /c /ZI /nologo /W3 /WX- /sdl /Od /Oy- /D WIN32 /D _DEBUG /D _CONSOLE /D _LIB /D _UNICODE /D UNICODE /Gm /EHsc /RTC1 /MDd /GS /fp:precise /Zc:wchar_t /Zc:forScope /Fo"Debug\\" /Fd"Debug\vc120.pdb" /Gd /TP /analyze- /errorReport:prompt Gerade2D.cpp Main.cpp Vector.cpp Vector2D.cpp
         Vector2D.cpp
         Vector.cpp
     1>c:\users\pkid\documents\visual studio 2013\projects\uebung2\uebung2\vector.cpp(40): warning C4244: '=' : conversion from 'double' to 'float', possible loss of data
         Main.cpp
         Gerade2D.cpp
         Generating Code...
       Link:
         C:\Program Files (x86)\Microsoft Visual Studio 12.0\VC\bin\link.exe /ERRORREPORT:PROMPT /OUT:"C:\Users\pkid\Documents\Visual Studio 2013\Projects\Uebung2\Debug\Uebung2.exe" /INCREMENTAL /NOLOGO kernel32.lib user32.lib gdi32.lib winspool.lib comdlg32.lib advapi32.lib shell32.lib ole32.lib oleaut32.lib uuid.lib odbc32.lib odbccp32.lib /MANIFEST /MANIFESTUAC:"level='asInvoker' uiAccess='false'" /manifest:embed /DEBUG /PDB:"C:\Users\pkid\Documents\Visual Studio 2013\Projects\Uebung2\Debug\Uebung2.pdb" /SUBSYSTEM:CONSOLE /TLBID:1 /DYNAMICBASE /NXCOMPAT /IMPLIB:"C:\Users\pkid\Documents\Visual Studio 2013\Projects\Uebung2\Debug\Uebung2.lib" /MACHINE:X86 Debug\Gerade2D.obj
         Debug\Main.obj
         Debug\Matrix.obj
         Debug\Vector.obj
         Debug\Vector2D.obj
         Uebung2.vcxproj -> C:\Users\pkid\Documents\Visual Studio 2013\Projects\Uebung2\Debug\Uebung2.exe
     1>Done Building Project "C:\Users\pkid\Documents\Visual Studio 2013\Projects\Uebung2\Uebung2\Uebung2.vcxproj" (Build target(s)).

Build succeeded.

Time Elapsed 00:00:03.94
